#
# There is insufficient memory for the Java Runtime Environment to continue.
# Native memory allocation (malloc) failed to allocate 34603008 bytes for committing reserved memory.
# Possible reasons:
#   The system is out of physical RAM or swap space
#   In 32 bit mode, the process size limit was hit
# Possible solutions:
#   Reduce memory load on the system
#   Increase physical memory or swap space
#   Check if swap backing store is full
#   Use 64 bit Java on a 64 bit OS
#   Decrease Java heap size (-Xmx/-Xms)
#   Decrease number of Java threads
#   Decrease Java thread stack sizes (-Xss)
#   Set larger code cache with -XX:ReservedCodeCacheSize=
# This output file may be truncated or incomplete.
#
#  Out of Memory Error (os_linux.cpp:2756), pid=8476, tid=1803549504
#
# JRE version: Java(TM) SE Runtime Environment (7.0_80-b15) (build 1.7.0_80-b15)
# Java VM: Java HotSpot(TM) Server VM (24.80-b11 mixed mode linux-x86 )
# Failed to write core dump. Core dumps have been disabled. To enable core dumping, try "ulimit -c unlimited" before starting Java again
#

---------------  T H R E A D  ---------------

Current thread (0x6b971000):  VMThread [stack: 0x6b77f000,0x6b800000] [id=8574]

Stack: [0x6b77f000,0x6b800000],  sp=0x6b7fe8e0,  free space=510k
Native frames: (J=compiled Java code, j=interpreted, Vv=VM code, C=native code)
V  [libjvm.so+0x7ea656]  VMError::report_and_die()+0x1a6
V  [libjvm.so+0x33eb82]  report_vm_out_of_memory(char const*, int, unsigned int, char const*)+0x72
V  [libjvm.so+0x687fb1]  os::Linux::commit_memory_impl(char*, unsigned int, bool)+0xe1
V  [libjvm.so+0x688478]  os::pd_commit_memory(char*, unsigned int, unsigned int, bool)+0x28
V  [libjvm.so+0x681b2c]  os::commit_memory(char*, unsigned int, unsigned int, bool)+0x2c
V  [libjvm.so+0x6ea8d8]  PSVirtualSpace::expand_by(unsigned int)+0x48
V  [libjvm.so+0x6dcd01]  PSOldGen::expand(unsigned int)+0x141
V  [libjvm.so+0x6dcdcf]  PSOldGen::resize(unsigned int)+0x8f
V  [libjvm.so+0x6e39d6]  PSParallelCompact::invoke_no_policy(bool)+0x8b6
V  [libjvm.so+0x6e8fed]  PSScavenge::invoke()+0x16d
V  [libjvm.so+0x6a851a]  ParallelScavengeHeap::failed_mem_allocate(unsigned int)+0x5a
V  [libjvm.so+0x7ebeea]  VM_ParallelGCFailedAllocation::doit()+0x7a
V  [libjvm.so+0x7f4d07]  VM_Operation::evaluate()+0x47
V  [libjvm.so+0x7f2da3]  VMThread::evaluate_operation(VM_Operation*)+0xb3
V  [libjvm.so+0x7f3140]  VMThread::loop()+0x1b0
V  [libjvm.so+0x7f35a5]  VMThread::run()+0x85
V  [libjvm.so+0x68a249]  java_start(Thread*)+0x119
C  [libpthread.so.0+0x6f72]  start_thread+0xd2

VM_Operation (0x6ac7da24): ParallelGCFailedAllocation, mode: safepoint, requested by thread 0x6a934000


---------------  P R O C E S S  ---------------

Java Threads: ( => current thread )
  0x6a934000 JavaThread "pool-1-thread-4" [_thread_blocked, id=8669, stack(0x6ac2e000,0x6ac7f000)]
  0x6a932800 JavaThread "pool-1-thread-3" [_thread_blocked, id=8668, stack(0x6ae2e000,0x6ae7f000)]
  0x6a932000 JavaThread "pool-1-thread-2" [_thread_blocked, id=8667, stack(0x6b12e000,0x6b17f000)]
  0x6a92e800 JavaThread "pool-2-thread-1" [_thread_blocked, id=8666, stack(0x6b72e000,0x6b77f000)]
  0x6a92dc00 JavaThread "pool-1-thread-1" [_thread_blocked, id=8665, stack(0x6e32e000,0x6e37f000)]
  0x6b993400 JavaThread "Service Thread" daemon [_thread_blocked, id=8616, stack(0x6e52e000,0x6e57f000)]
  0x6b991800 JavaThread "C2 CompilerThread1" daemon [_thread_blocked, id=8615, stack(0x6ae7f000,0x6af00000)]
  0x6b98f800 JavaThread "C2 CompilerThread0" daemon [_thread_blocked, id=8614, stack(0x6b17f000,0x6b200000)]
  0x6b98dc00 JavaThread "Signal Dispatcher" daemon [_thread_blocked, id=8613, stack(0x6e72e000,0x6e77f000)]
  0x6b975000 JavaThread "Finalizer" daemon [_thread_blocked, id=8577, stack(0x6e92e000,0x6e97f000)]
  0x6b973800 JavaThread "Reference Handler" daemon [_thread_blocked, id=8576, stack(0x6eb2e000,0x6eb7f000)]
  0xb6607800 JavaThread "main" [_thread_blocked, id=8506, stack(0xb67c9000,0xb681a000)]

Other Threads:
=>0x6b971000 VMThread [stack: 0x6b77f000,0x6b800000] [id=8574]
  0x6b99d400 WatcherThread [stack: 0x6ac7f000,0x6ad00000] [id=8617]

VM state:at safepoint (normal execution)

VM Mutex/Monitor currently owned by a thread:  ([mutex/lock_event])
[0xb66049e8] ExpandHeap_lock - owner thread: 0x6b971000
[0xb6604f30] Threads_lock - owner thread: 0x6b971000
[0xb6605340] Heap_lock - owner thread: 0x6a934000

Heap
 PSYoungGen      total 199424K, used 0K [0x9dfc0000, 0xb3540000, 0xb3540000)
  eden space 122880K, 0% used [0x9dfc0000,0x9dfc0000,0xa57c0000)
  from space 76544K, 0% used [0xaea80000,0xaea80000,0xb3540000)
  to   space 113408K, 0% used [0xa57c0000,0xa57c0000,0xac680000)
 ParOldGen       total 217344K, used 156382K [0x73540000, 0x80980000, 0x9dfc0000)
  object space 217344K, 71% used [0x73540000,0x7cdf7868,0x80980000)
 PSPermGen       total 16384K, used 3990K [0x6f540000, 0x70540000, 0x73540000)
  object space 16384K, 24% used [0x6f540000,0x6f925b20,0x70540000)

Card table byte_map: [0x6f31f000,0x6f540000] byte_map_base: 0x6efa4600

Polling page: 0xb7761000

Code Cache  [0xb3600000, 0xb3850000, 0xb6600000)
 total_blobs=745 nmethods=622 adapters=76 free_code_cache=46898Kb largest_free_block=47929728

Compilation events (10 events):
Event: 34.115 Thread 0x6b991800 nmethod 631 0xb3754b88 code [0xb3754d20, 0xb3755578]
Event: 34.115 Thread 0x6b991800  638             com.android.dx.rop.cst.CstLiteral32::getIntBits (5 bytes)
Event: 34.115 Thread 0x6b991800 nmethod 638 0xb3754248 code [0xb3754320, 0xb3754370]
Event: 34.115 Thread 0x6b991800  639             com.android.dx.rop.cst.CstInteger::getValue (5 bytes)
Event: 34.115 Thread 0x6b991800 nmethod 639 0xb3750b48 code [0xb3750c20, 0xb3750c70]
Event: 34.115 Thread 0x6b991800  640             com.android.dx.cf.code.ExecutionStack::copy (59 bytes)
Event: 34.154 Thread 0x6b991800 nmethod 640 0xb3751c88 code [0xb3751da0, 0xb3752150]
Event: 34.154 Thread 0x6b991800  641             com.android.dx.rop.cst.CstLiteral32::equals (35 bytes)
Event: 34.155 Thread 0x6b991800 nmethod 641 0xb3751a48 code [0xb3751b40, 0xb3751bd0]
Event: 34.155 Thread 0x6b991800  642             com.android.dx.rop.cst.CstString::stringToUtf8Bytes (175 bytes)

GC Heap History (10 events):
Event: 27.013 GC heap after
Heap after GC invocations=9 (full 1):
 PSYoungGen      total 241920K, used 49648K [0x9dfc0000, 0xb3540000, 0xb3540000)
  eden space 192256K, 0% used [0x9dfc0000,0x9dfc0000,0xa9b80000)
  from space 49664K, 99% used [0xb04c0000,0xb353c010,0xb3540000)
  to   space 76544K, 0% used [0xa9fc0000,0xa9fc0000,0xaea80000)
 ParOldGen       total 108544K, used 89049K [0x73540000, 0x79f40000, 0x9dfc0000)
  object space 108544K, 82% used [0x73540000,0x78c36780,0x79f40000)
 PSPermGen       total 16384K, used 3983K [0x6f540000, 0x70540000, 0x73540000)
  object space 16384K, 24% used [0x6f540000,0x6f923c58,0x70540000)
}
Event: 27.013 GC heap before
{Heap before GC invocations=10 (full 2):
 PSYoungGen      total 241920K, used 49648K [0x9dfc0000, 0xb3540000, 0xb3540000)
  eden space 192256K, 0% used [0x9dfc0000,0x9dfc0000,0xa9b80000)
  from space 49664K, 99% used [0xb04c0000,0xb353c010,0xb3540000)
  to   space 76544K, 0% used [0xa9fc0000,0xa9fc0000,0xaea80000)
 ParOldGen       total 108544K, used 89049K [0x73540000, 0x79f40000, 0x9dfc0000)
  object space 108544K, 82% used [0x73540000,0x78c36780,0x79f40000)
 PSPermGen       total 16384K, used 3983K [0x6f540000, 0x70540000, 0x73540000)
  object space 16384K, 24% used [0x6f540000,0x6f923c58,0x70540000)
Event: 27.769 GC heap after
Heap after GC invocations=10 (full 2):
 PSYoungGen      total 241920K, used 6920K [0x9dfc0000, 0xb3540000, 0xb3540000)
  eden space 192256K, 0% used [0x9dfc0000,0x9dfc0000,0xa9b80000)
  from space 49664K, 13% used [0xb04c0000,0xb0b823e0,0xb3540000)
  to   space 76544K, 0% used [0xa9fc0000,0xa9fc0000,0xaea80000)
 ParOldGen       total 195328K, used 108353K [0x73540000, 0x7f400000, 0x9dfc0000)
  object space 195328K, 55% used [0x73540000,0x79f10428,0x7f400000)
 PSPermGen       total 16384K, used 3983K [0x6f540000, 0x70540000, 0x73540000)
  object space 16384K, 24% used [0x6f540000,0x6f923c08,0x70540000)
}
Event: 29.264 GC heap before
{Heap before GC invocations=11 (full 2):
 PSYoungGen      total 241920K, used 199176K [0x9dfc0000, 0xb3540000, 0xb3540000)
  eden space 192256K, 100% used [0x9dfc0000,0xa9b80000,0xa9b80000)
  from space 49664K, 13% used [0xb04c0000,0xb0b823e0,0xb3540000)
  to   space 76544K, 0% used [0xa9fc0000,0xa9fc0000,0xaea80000)
 ParOldGen       total 195328K, used 108353K [0x73540000, 0x7f400000, 0x9dfc0000)
  object space 195328K, 55% used [0x73540000,0x79f10428,0x7f400000)
 PSPermGen       total 16384K, used 3984K [0x6f540000, 0x70540000, 0x73540000)
  object space 16384K, 24% used [0x6f540000,0x6f924020,0x70540000)
Event: 29.465 GC heap after
Heap after GC invocations=11 (full 2):
 PSYoungGen      total 273152K, used 76542K [0x9dfc0000, 0xb3540000, 0xb3540000)
  eden space 196608K, 0% used [0x9dfc0000,0x9dfc0000,0xa9fc0000)
  from space 76544K, 99% used [0xa9fc0000,0xaea7f9a0,0xaea80000)
  to   space 76544K, 0% used [0xaea80000,0xaea80000,0xb3540000)
 ParOldGen       total 195328K, used 126477K [0x73540000, 0x7f400000, 0x9dfc0000)
  object space 195328K, 64% used [0x73540000,0x7b0c35c0,0x7f400000)
 PSPermGen       total 16384K, used 3984K [0x6f540000, 0x70540000, 0x73540000)
  object space 16384K, 24% used [0x6f540000,0x6f924020,0x70540000)
}
Event: 33.411 GC heap before
{Heap before GC invocations=12 (full 2):
 PSYoungGen      total 273152K, used 273150K [0x9dfc0000, 0xb3540000, 0xb3540000)
  eden space 196608K, 100% used [0x9dfc0000,0xa9fc0000,0xa9fc0000)
  from space 76544K, 99% used [0xa9fc0000,0xaea7f9a0,0xaea80000)
  to   space 76544K, 0% used [0xaea80000,0xaea80000,0xb3540000)
 ParOldGen       total 195328K, used 126477K [0x73540000, 0x7f400000, 0x9dfc0000)
  object space 195328K, 64% used [0x73540000,0x7b0c35c0,0x7f400000)
 PSPermGen       total 16384K, used 3990K [0x6f540000, 0x70540000, 0x73540000)
  object space 16384K, 24% used [0x6f540000,0x6f925b68,0x70540000)
Event: 33.603 GC heap after
Heap after GC invocations=12 (full 2):
 PSYoungGen      total 199424K, used 76532K [0x9dfc0000, 0xb3540000, 0xb3540000)
  eden space 122880K, 0% used [0x9dfc0000,0x9dfc0000,0xa57c0000)
  from space 76544K, 99% used [0xaea80000,0xb353d108,0xb3540000)
  to   space 113408K, 0% used [0xa57c0000,0xa57c0000,0xac680000)
 ParOldGen       total 195328K, used 140335K [0x73540000, 0x7f400000, 0x9dfc0000)
  object space 195328K, 71% used [0x73540000,0x7be4bc30,0x7f400000)
 PSPermGen       total 16384K, used 3990K [0x6f540000, 0x70540000, 0x73540000)
  object space 16384K, 24% used [0x6f540000,0x6f925b68,0x70540000)
}
Event: 34.247 GC heap before
{Heap before GC invocations=13 (full 2):
 PSYoungGen      total 199424K, used 199412K [0x9dfc0000, 0xb3540000, 0xb3540000)
  eden space 122880K, 100% used [0x9dfc0000,0xa57c0000,0xa57c0000)
  from space 76544K, 99% used [0xaea80000,0xb353d108,0xb3540000)
  to   space 113408K, 0% used [0xa57c0000,0xa57c0000,0xac680000)
 ParOldGen       total 195328K, used 140335K [0x73540000, 0x7f400000, 0x9dfc0000)
  object space 195328K, 71% used [0x73540000,0x7be4bc30,0x7f400000)
 PSPermGen       total 16384K, used 3991K [0x6f540000, 0x70540000, 0x73540000)
  object space 16384K, 24% used [0x6f540000,0x6f925c20,0x70540000)
Event: 36.411 GC heap after
Heap after GC invocations=13 (full 2):
 PSYoungGen      total 199424K, used 199412K [0x9dfc0000, 0xb3540000, 0xb3540000)
  eden space 122880K, 100% used [0x9dfc0000,0xa57c0000,0xa57c0000)
  from space 76544K, 99% used [0xaea80000,0xb353d108,0xb3540000)
  to   space 113408K, 70% used [0xa57c0000,0xaa592208,0xac680000)
 ParOldGen       total 217344K, used 217179K [0x73540000, 0x80980000, 0x9dfc0000)
  object space 217344K, 99% used [0x73540000,0x80956e78,0x80980000)
 PSPermGen       total 16384K, used 3991K [0x6f540000, 0x70540000, 0x73540000)
  object space 16384K, 24% used [0x6f540000,0x6f925c20,0x70540000)
}
Event: 37.381 GC heap before
{Heap before GC invocations=14 (full 3):
 PSYoungGen      total 199424K, used 199412K [0x9dfc0000, 0xb3540000, 0xb3540000)
  eden space 122880K, 100% used [0x9dfc0000,0xa57c0000,0xa57c0000)
  from space 76544K, 99% used [0xaea80000,0xb353d108,0xb3540000)
  to   space 113408K, 70% used [0xa57c0000,0xaa592208,0xac680000)
 ParOldGen       total 217344K, used 217179K [0x73540000, 0x80980000, 0x9dfc0000)
  object space 217344K, 99% used [0x73540000,0x80956e78,0x80980000)
 PSPermGen       total 16384K, used 3991K [0x6f540000, 0x70540000, 0x73540000)
  object space 16384K, 24% used [0x6f540000,0x6f925c20,0x70540000)

Deoptimization events (10 events):
Event: 21.988 Thread 0xb6607800 Uncommon trap: reason=bimorphic action=maybe_recompile pc=0xb36cdf3c method=com.android.dx.ssa.SCCP.simulatePhi(Lcom/android/dx/ssa/PhiInsn;)V @ 124
Event: 21.988 Thread 0xb6607800 Uncommon trap: reason=bimorphic action=maybe_recompile pc=0xb36cdf3c method=com.android.dx.ssa.SCCP.simulatePhi(Lcom/android/dx/ssa/PhiInsn;)V @ 124
Event: 23.317 Thread 0xb6607800 Uncommon trap: reason=unstable_if action=reinterpret pc=0xb369fe6c method=com.android.dx.rop.code.BasicBlockList.preferredSuccessorOf(Lcom/android/dx/rop/code/BasicBlock;)Lcom/android/dx/rop/code/BasicBlock; @ 58
Event: 24.402 Thread 0xb6607800 Uncommon trap: reason=unstable_if action=reinterpret pc=0xb37c3184 method=java.util.BitSet.ensureCapacity(I)V @ 6
Event: 28.057 Thread 0x6a934000 Uncommon trap: reason=class_check action=maybe_recompile pc=0xb368e04c method=com.android.dx.ssa.SsaConverter.placePhiFunctions(Lcom/android/dx/ssa/SsaMethod;Lcom/android/dx/ssa/LocalVariableInfo;I)V @ 257
Event: 28.082 Thread 0x6a932000 Uncommon trap: reason=class_check action=maybe_recompile pc=0xb368e04c method=com.android.dx.ssa.SsaConverter.placePhiFunctions(Lcom/android/dx/ssa/SsaMethod;Lcom/android/dx/ssa/LocalVariableInfo;I)V @ 257
Event: 28.141 Thread 0x6a92dc00 Uncommon trap: reason=class_check action=maybe_recompile pc=0xb368e04c method=com.android.dx.ssa.SsaConverter.placePhiFunctions(Lcom/android/dx/ssa/SsaMethod;Lcom/android/dx/ssa/LocalVariableInfo;I)V @ 257
Event: 28.205 Thread 0xb6607800 Uncommon trap: reason=class_check action=maybe_recompile pc=0xb36e44b8 method=com.android.dx.ssa.SCCP.simulateBranch(Lcom/android/dx/ssa/SsaInsn;)V @ 145
Event: 28.694 Thread 0xb6607800 Uncommon trap: reason=unstable_if action=reinterpret pc=0xb37423f0 method=com.android.dx.ssa.SCCP.run()V @ 257
Event: 28.898 Thread 0xb6607800 Uncommon trap: reason=unstable_if action=reinterpret pc=0xb367f40c method=com.android.dx.ssa.SCCP.simulateStmt(Lcom/android/dx/ssa/SsaInsn;)V @ 59

Internal exceptions (10 events):
Event: 2.252 Thread 0x6a932000 Threw 0x9ebc3b58 at /HUDSON/workspace/7u-2-build-linux-i586/jdk7u80/2329/hotspot/src/share/vm/prims/jvm.cpp:1319
Event: 2.253 Thread 0x6a932000 Threw 0x9ebc9150 at /HUDSON/workspace/7u-2-build-linux-i586/jdk7u80/2329/hotspot/src/share/vm/prims/jvm.cpp:1319
Event: 2.253 Thread 0x6a932000 Threw 0x9ebce460 at /HUDSON/workspace/7u-2-build-linux-i586/jdk7u80/2329/hotspot/src/share/vm/prims/jvm.cpp:1319
Event: 4.711 Thread 0xb6607800 Threw 0x9edd0aa8 at /HUDSON/workspace/7u-2-build-linux-i586/jdk7u80/2329/hotspot/src/share/vm/prims/jvm.cpp:1319
Event: 5.935 Thread 0x6a932000 Threw 0x9fdc44a0 at /HUDSON/workspace/7u-2-build-linux-i586/jdk7u80/2329/hotspot/src/share/vm/prims/jvm.cpp:1319
Event: 6.216 Thread 0xb6607800 Implicit null exception at 0xb36c0a0e to 0xb36c0f99
Event: 6.286 Thread 0xb6607800 Threw 0x9e0f2220 at /HUDSON/workspace/7u-2-build-linux-i586/jdk7u80/2329/hotspot/src/share/vm/prims/jvm.cpp:1319
Event: 16.368 Thread 0xb6607800 Threw 0xa1bca2a0 at /HUDSON/workspace/7u-2-build-linux-i586/jdk7u80/2329/hotspot/src/share/vm/prims/jvm.cpp:1319
Event: 16.400 Thread 0xb6607800 Threw 0xa1c93cf8 at /HUDSON/workspace/7u-2-build-linux-i586/jdk7u80/2329/hotspot/src/share/vm/prims/jvm.cpp:1319
Event: 21.517 Thread 0xb6607800 Implicit null exception at 0xb371fb20 to 0xb3722b6d

Events (10 events):
Event: 29.251 Executing VM operation: ParallelGCFailedAllocation
Event: 29.465 Executing VM operation: ParallelGCFailedAllocation done
Event: 29.677 Thread 0x6b98f800 flushing nmethod 0xb3770148
Event: 29.678 Thread 0x6b98f800 flushing nmethod 0xb3779388
Event: 29.678 Thread 0x6b98f800 flushing nmethod 0xb37c0348
Event: 33.394 Executing VM operation: ParallelGCFailedAllocation
Event: 33.603 Executing VM operation: ParallelGCFailedAllocation done
Event: 33.697 Thread 0x6b98f800 flushing nmethod 0xb368c588
Event: 33.718 Thread 0x6b98f800 flushing nmethod 0xb373db48
Event: 34.215 Executing VM operation: ParallelGCFailedAllocation


Dynamic libraries:
08048000-08049000 r-xp 00000000 08:05 1183393    /usr/lib/jvm/java-7-oracle/bin/java
08049000-0804a000 rw-p 00000000 08:05 1183393    /usr/lib/jvm/java-7-oracle/bin/java
0946d000-0948e000 rw-p 00000000 00:00 0          [heap]
68700000-687ff000 rw-p 00000000 00:00 0 
687ff000-68800000 ---p 00000000 00:00 0 
68800000-68880000 rw-p 00000000 00:00 0 
68880000-68900000 ---p 00000000 00:00 0 
68900000-689f6000 rw-p 00000000 00:00 0 
689f6000-68a00000 ---p 00000000 00:00 0 
68b00000-68bfb000 rw-p 00000000 00:00 0 
68bfb000-68c00000 ---p 00000000 00:00 0 
68d00000-68df9000 rw-p 00000000 00:00 0 
68df9000-68e00000 ---p 00000000 00:00 0 
68f00000-68fff000 rw-p 00000000 00:00 0 
68fff000-69000000 ---p 00000000 00:00 0 
69000000-690f9000 rw-p 00000000 00:00 0 
690f9000-69100000 ---p 00000000 00:00 0 
69200000-692ff000 rw-p 00000000 00:00 0 
692ff000-69300000 ---p 00000000 00:00 0 
69300000-693e0000 rw-p 00000000 00:00 0 
693e0000-69400000 ---p 00000000 00:00 0 
69500000-695e7000 rw-p 00000000 00:00 0 
695e7000-69600000 ---p 00000000 00:00 0 
69600000-696f9000 rw-p 00000000 00:00 0 
696f9000-69700000 ---p 00000000 00:00 0 
69700000-697fd000 rw-p 00000000 00:00 0 
697fd000-69800000 ---p 00000000 00:00 0 
69800000-69900000 rw-p 00000000 00:00 0 
69900000-699f5000 rw-p 00000000 00:00 0 
699f5000-69a00000 ---p 00000000 00:00 0 
69b00000-69bf1000 rw-p 00000000 00:00 0 
69bf1000-69c00000 ---p 00000000 00:00 0 
69c00000-69cf9000 rw-p 00000000 00:00 0 
69cf9000-69d00000 ---p 00000000 00:00 0 
69d00000-69dee000 rw-p 00000000 00:00 0 
69dee000-69e00000 ---p 00000000 00:00 0 
69e00000-69efc000 rw-p 00000000 00:00 0 
69efc000-69f00000 ---p 00000000 00:00 0 
69f00000-69ffe000 rw-p 00000000 00:00 0 
69ffe000-6a000000 ---p 00000000 00:00 0 
6a100000-6a1f7000 rw-p 00000000 00:00 0 
6a1f7000-6a200000 ---p 00000000 00:00 0 
6a300000-6a3ff000 rw-p 00000000 00:00 0 
6a3ff000-6a400000 ---p 00000000 00:00 0 
6a500000-6a5fe000 rw-p 00000000 00:00 0 
6a5fe000-6a600000 ---p 00000000 00:00 0 
6a700000-6a7ee000 rw-p 00000000 00:00 0 
6a7ee000-6a800000 ---p 00000000 00:00 0 
6a800000-6a8fa000 rw-p 00000000 00:00 0 
6a8fa000-6a900000 ---p 00000000 00:00 0 
6a900000-6a955000 rw-p 00000000 00:00 0 
6a955000-6aa00000 ---p 00000000 00:00 0 
6aa00000-6aafb000 rw-p 00000000 00:00 0 
6aafb000-6ab00000 ---p 00000000 00:00 0 
6ab00000-6abfe000 rw-p 00000000 00:00 0 
6abfe000-6ac00000 ---p 00000000 00:00 0 
6ac2e000-6ac31000 ---p 00000000 00:00 0 
6ac31000-6ac7f000 rw-p 00000000 00:00 0          [stack:8669]
6ac7f000-6ac80000 ---p 00000000 00:00 0 
6ac80000-6ad00000 rw-p 00000000 00:00 0          [stack:8617]
6ad00000-6adf0000 rw-p 00000000 00:00 0 
6adf0000-6ae00000 ---p 00000000 00:00 0 
6ae2e000-6ae31000 ---p 00000000 00:00 0 
6ae31000-6ae7f000 rw-p 00000000 00:00 0          [stack:8668]
6ae7f000-6ae82000 ---p 00000000 00:00 0 
6ae82000-6af00000 rw-p 00000000 00:00 0          [stack:8615]
6af00000-6afff000 rw-p 00000000 00:00 0 
6afff000-6b000000 ---p 00000000 00:00 0 
6b000000-6b021000 rw-p 00000000 00:00 0 
6b021000-6b100000 ---p 00000000 00:00 0 
6b12e000-6b131000 ---p 00000000 00:00 0 
6b131000-6b17f000 rw-p 00000000 00:00 0          [stack:8667]
6b17f000-6b182000 ---p 00000000 00:00 0 
6b182000-6b200000 rw-p 00000000 00:00 0          [stack:8614]
6b200000-6b400000 r--p 00000000 08:05 98980      /usr/lib/locale/locale-archive
6b400000-6b421000 rw-p 00000000 00:00 0 
6b421000-6b500000 ---p 00000000 00:00 0 
6b500000-6b521000 rw-p 00000000 00:00 0 
6b521000-6b600000 ---p 00000000 00:00 0 
6b600000-6b629000 rw-p 00000000 00:00 0 
6b629000-6b700000 ---p 00000000 00:00 0 
6b72e000-6b731000 ---p 00000000 00:00 0 
6b731000-6b77f000 rw-p 00000000 00:00 0          [stack:8666]
6b77f000-6b780000 ---p 00000000 00:00 0 
6b780000-6b800000 rw-p 00000000 00:00 0          [stack:8574]
6b800000-6b8f9000 rw-p 00000000 00:00 0 
6b8f9000-6b900000 ---p 00000000 00:00 0 
6b900000-6b9f1000 rw-p 00000000 00:00 0 
6b9f1000-6ba00000 ---p 00000000 00:00 0 
6ba00000-6bbc0000 r--s 039fb000 08:05 1183687    /usr/lib/jvm/java-7-oracle/jre/lib/rt.jar
6bbc0000-6e200000 rw-p 00000000 00:00 0 
6e200000-6e221000 rw-p 00000000 00:00 0 
6e221000-6e300000 ---p 00000000 00:00 0 
6e32e000-6e331000 ---p 00000000 00:00 0 
6e331000-6e37f000 rw-p 00000000 00:00 0          [stack:8665]
6e37f000-6e380000 ---p 00000000 00:00 0 
6e380000-6e400000 rw-p 00000000 00:00 0          [stack:8561]
6e400000-6e421000 rw-p 00000000 00:00 0 
6e421000-6e500000 ---p 00000000 00:00 0 
6e52e000-6e531000 ---p 00000000 00:00 0 
6e531000-6e57f000 rw-p 00000000 00:00 0          [stack:8616]
6e57f000-6e580000 ---p 00000000 00:00 0 
6e580000-6e600000 rw-p 00000000 00:00 0          [stack:8559]
6e600000-6e64b000 rw-p 00000000 00:00 0 
6e64b000-6e700000 ---p 00000000 00:00 0 
6e72e000-6e731000 ---p 00000000 00:00 0 
6e731000-6e77f000 rw-p 00000000 00:00 0          [stack:8613]
6e77f000-6e780000 ---p 00000000 00:00 0 
6e780000-6e800000 rw-p 00000000 00:00 0          [stack:8558]
6e800000-6e821000 rw-p 00000000 00:00 0 
6e821000-6e900000 ---p 00000000 00:00 0 
6e92e000-6e931000 ---p 00000000 00:00 0 
6e931000-6e97f000 rw-p 00000000 00:00 0          [stack:8577]
6e97f000-6e980000 ---p 00000000 00:00 0 
6e980000-6ea00000 rw-p 00000000 00:00 0          [stack:8556]
6ea00000-6ea21000 rw-p 00000000 00:00 0 
6ea21000-6eb00000 ---p 00000000 00:00 0 
6eb2e000-6eb31000 ---p 00000000 00:00 0 
6eb31000-6eb7f000 rw-p 00000000 00:00 0          [stack:8576]
6eb7f000-6eb80000 ---p 00000000 00:00 0 
6eb80000-6ec00000 rw-p 00000000 00:00 0          [stack:8555]
6ec00000-6ec21000 rw-p 00000000 00:00 0 
6ec21000-6ed00000 ---p 00000000 00:00 0 
6ed34000-6ed7f000 rw-p 00000000 00:00 0 
6ed7f000-6ed80000 ---p 00000000 00:00 0 
6ed80000-6ee00000 rw-p 00000000 00:00 0          [stack:8554]
6ee00000-6ee21000 rw-p 00000000 00:00 0 
6ee21000-6ef00000 ---p 00000000 00:00 0 
6ef24000-6ef7f000 rw-p 00000000 00:00 0 
6ef7f000-6ef80000 ---p 00000000 00:00 0 
6ef80000-6f000000 rw-p 00000000 00:00 0          [stack:8553]
6f000000-6f021000 rw-p 00000000 00:00 0 
6f021000-6f100000 ---p 00000000 00:00 0 
6f10b000-6f120000 r-xp 00000000 08:05 1183603    /usr/lib/jvm/java-7-oracle/jre/lib/i386/libnet.so
6f120000-6f121000 rw-p 00015000 08:05 1183603    /usr/lib/jvm/java-7-oracle/jre/lib/i386/libnet.so
6f121000-6f12f000 r-xp 00000000 08:05 1183648    /usr/lib/jvm/java-7-oracle/jre/lib/i386/libnio.so
6f12f000-6f130000 rw-p 0000e000 08:05 1183648    /usr/lib/jvm/java-7-oracle/jre/lib/i386/libnio.so
6f130000-6f148000 r--s 000f5000 08:06 379441     /home/andrew/Andrew/ShopsList/app/build/intermediates/exploded-aar/com.google.android.gms/play-services-ads/8.4.0/jars/classes.jar
6f148000-6f149000 ---p 00000000 00:00 0 
6f149000-6f234000 rw-p 00000000 00:00 0          [stack:8552]
6f234000-6f31f000 rw-p 00000000 00:00 0 
6f31f000-6f327000 rw-p 00000000 00:00 0 
6f327000-6f33f000 rw-p 00000000 00:00 0 
6f33f000-6f3aa000 rw-p 00000000 00:00 0 
6f3aa000-6f494000 rw-p 00000000 00:00 0 
6f494000-6f53f000 rw-p 00000000 00:00 0 
6f53f000-70540000 rw-p 00000000 00:00 0 
70540000-73540000 rw-p 00000000 00:00 0 
73540000-80980000 rw-p 00000000 00:00 0 
82864000-82a80000 rw-p 00000000 00:00 0 
82a80000-9dfc0000 rw-p 00000000 00:00 0 
9dfc0000-b3540000 rw-p 00000000 00:00 0 
b3540000-b354a000 rw-p 00000000 00:00 0 
b354a000-b3600000 rw-p 00000000 00:00 0 
b3600000-b3850000 rwxp 00000000 00:00 0 
b3850000-b66f3000 rw-p 00000000 00:00 0 
b66f3000-b6700000 ---p 00000000 00:00 0 
b6700000-b6722000 rw-p 00000000 00:00 0 
b6722000-b673a000 rw-p 00000000 00:00 0 
b673a000-b6751000 r-xp 00000000 08:05 1183635    /usr/lib/jvm/java-7-oracle/jre/lib/i386/libzip.so
b6751000-b6752000 rw-p 00016000 08:05 1183635    /usr/lib/jvm/java-7-oracle/jre/lib/i386/libzip.so
b6752000-b675c000 r-xp 00000000 08:05 167789     /lib/i386-linux-gnu/libnss_files-2.19.so
b675c000-b675d000 r--p 00009000 08:05 167789     /lib/i386-linux-gnu/libnss_files-2.19.so
b675d000-b675e000 rw-p 0000a000 08:05 167789     /lib/i386-linux-gnu/libnss_files-2.19.so
b675e000-b6768000 r-xp 00000000 08:05 167781     /lib/i386-linux-gnu/libnss_nis-2.19.so
b6768000-b6769000 r--p 00009000 08:05 167781     /lib/i386-linux-gnu/libnss_nis-2.19.so
b6769000-b676a000 rw-p 0000a000 08:05 167781     /lib/i386-linux-gnu/libnss_nis-2.19.so
b676a000-b677f000 r-xp 00000000 08:05 167777     /lib/i386-linux-gnu/libnsl-2.19.so
b677f000-b6780000 r--p 00015000 08:05 167777     /lib/i386-linux-gnu/libnsl-2.19.so
b6780000-b6781000 rw-p 00016000 08:05 167777     /lib/i386-linux-gnu/libnsl-2.19.so
b6781000-b6783000 rw-p 00000000 00:00 0 
b6784000-b6785000 rw-p 00000000 00:00 0 
b6785000-b6794000 r--s 000df000 08:06 34575      /home/andrew/Android/Sdk/build-tools/23.0.2/lib/dx.jar
b6794000-b679c000 rw-s 00000000 08:05 555274     /tmp/hsperfdata_andrew/8476
b679c000-b67bf000 r-xp 00000000 08:05 1183631    /usr/lib/jvm/java-7-oracle/jre/lib/i386/libjava.so
b67bf000-b67c0000 rw-p 00023000 08:05 1183631    /usr/lib/jvm/java-7-oracle/jre/lib/i386/libjava.so
b67c0000-b67c7000 r-xp 00000000 08:05 167785     /lib/i386-linux-gnu/librt-2.19.so
b67c7000-b67c8000 r--p 00006000 08:05 167785     /lib/i386-linux-gnu/librt-2.19.so
b67c8000-b67c9000 rw-p 00007000 08:05 167785     /lib/i386-linux-gnu/librt-2.19.so
b67c9000-b67cc000 ---p 00000000 00:00 0 
b67cc000-b681a000 rw-p 00000000 00:00 0          [stack:8506]
b681a000-b685e000 r-xp 00000000 08:05 163958     /lib/i386-linux-gnu/libm-2.19.so
b685e000-b685f000 r--p 00043000 08:05 163958     /lib/i386-linux-gnu/libm-2.19.so
b685f000-b6860000 rw-p 00044000 08:05 163958     /lib/i386-linux-gnu/libm-2.19.so
b6860000-b70e7000 r-xp 00000000 08:05 1183612    /usr/lib/jvm/java-7-oracle/jre/lib/i386/server/libjvm.so
b70e7000-b714b000 rw-p 00886000 08:05 1183612    /usr/lib/jvm/java-7-oracle/jre/lib/i386/server/libjvm.so
b714b000-b756f000 rw-p 00000000 00:00 0 
b756f000-b7717000 r-xp 00000000 08:05 167786     /lib/i386-linux-gnu/libc-2.19.so
b7717000-b7718000 ---p 001a8000 08:05 167786     /lib/i386-linux-gnu/libc-2.19.so
b7718000-b771a000 r--p 001a8000 08:05 167786     /lib/i386-linux-gnu/libc-2.19.so
b771a000-b771b000 rw-p 001aa000 08:05 167786     /lib/i386-linux-gnu/libc-2.19.so
b771b000-b771e000 rw-p 00000000 00:00 0 
b771e000-b7721000 r-xp 00000000 08:05 164038     /lib/i386-linux-gnu/libdl-2.19.so
b7721000-b7722000 r--p 00002000 08:05 164038     /lib/i386-linux-gnu/libdl-2.19.so
b7722000-b7723000 rw-p 00003000 08:05 164038     /lib/i386-linux-gnu/libdl-2.19.so
b7723000-b7737000 r-xp 00000000 08:05 1007737    /usr/lib/jvm/java-7-oracle/lib/i386/jli/libjli.so
b7737000-b7738000 rw-p 00013000 08:05 1007737    /usr/lib/jvm/java-7-oracle/lib/i386/jli/libjli.so
b7738000-b7739000 rw-p 00000000 00:00 0 
b7739000-b7751000 r-xp 00000000 08:05 167778     /lib/i386-linux-gnu/libpthread-2.19.so
b7751000-b7752000 r--p 00018000 08:05 167778     /lib/i386-linux-gnu/libpthread-2.19.so
b7752000-b7753000 rw-p 00019000 08:05 167778     /lib/i386-linux-gnu/libpthread-2.19.so
b7753000-b7756000 rw-p 00000000 00:00 0 
b7756000-b7757000 r--p 002c5000 08:05 98980      /usr/lib/locale/locale-archive
b7757000-b775e000 r-xp 00000000 08:05 164975     /lib/i386-linux-gnu/libnss_compat-2.19.so
b775e000-b775f000 r--p 00006000 08:05 164975     /lib/i386-linux-gnu/libnss_compat-2.19.so
b775f000-b7760000 rw-p 00007000 08:05 164975     /lib/i386-linux-gnu/libnss_compat-2.19.so
b7760000-b7761000 rw-p 00000000 00:00 0 
b7761000-b7762000 ---p 00000000 00:00 0 
b7762000-b776d000 r-xp 00000000 08:05 1183614    /usr/lib/jvm/java-7-oracle/jre/lib/i386/libverify.so
b776d000-b776e000 rw-p 0000b000 08:05 1183614    /usr/lib/jvm/java-7-oracle/jre/lib/i386/libverify.so
b776e000-b7770000 rw-p 00000000 00:00 0 
b7770000-b7771000 r-xp 00000000 00:00 0          [vdso]
b7771000-b7791000 r-xp 00000000 08:05 167779     /lib/i386-linux-gnu/ld-2.19.so
b7791000-b7792000 r--p 0001f000 08:05 167779     /lib/i386-linux-gnu/ld-2.19.so
b7792000-b7793000 rw-p 00020000 08:05 167779     /lib/i386-linux-gnu/ld-2.19.so
bfbbd000-bfbbe000 rwxp 00000000 00:00 0 
bfbf0000-bfc11000 rw-p 00000000 00:00 0          [stack]

VM Arguments:
jvm_args: -Xmx1024M -Dfile.encoding=UTF-8 -Duser.country=US -Duser.language=en -Duser.variant 
java_command: com.android.dx.command.Main --dex --num-threads=4 --output /home/andrew/Andrew/ShopsList/app/build/intermediates/pre-dexed/debug/classes-46cfd3fbc99cd82bd5971f1ac845fe4f9689051f.jar /home/andrew/Andrew/ShopsList/app/build/intermediates/exploded-aar/com.google.android.gms/play-services-ads/8.4.0/jars/classes.jar
Launcher Type: SUN_STANDARD

Environment Variables:
JAVA_HOME=/usr/lib/jvm/java-7-oracle
PATH=/usr/local/sbin:/usr/local/bin:/usr/sbin:/usr/bin:/sbin:/bin:/usr/games:/usr/local/games
LD_LIBRARY_PATH=/home/andrew/android-studio/bin:
SHELL=/bin/bash
DISPLAY=:0

Signal Handlers:
SIGSEGV: [libjvm.so+0x7eb160], sa_mask[0]=0x7ffbfeff, sa_flags=0x10000004
SIGBUS: [libjvm.so+0x7eb160], sa_mask[0]=0x7ffbfeff, sa_flags=0x10000004
SIGFPE: [libjvm.so+0x684ac0], sa_mask[0]=0x7ffbfeff, sa_flags=0x10000004
SIGPIPE: [libjvm.so+0x684ac0], sa_mask[0]=0x7ffbfeff, sa_flags=0x10000004
SIGXFSZ: [libjvm.so+0x684ac0], sa_mask[0]=0x7ffbfeff, sa_flags=0x10000004
SIGILL: [libjvm.so+0x684ac0], sa_mask[0]=0x7ffbfeff, sa_flags=0x10000004
SIGUSR1: SIG_DFL, sa_mask[0]=0x00000000, sa_flags=0x00000000
SIGUSR2: [libjvm.so+0x686330], sa_mask[0]=0x00000004, sa_flags=0x10000004
SIGHUP: [libjvm.so+0x687660], sa_mask[0]=0x7ffbfeff, sa_flags=0x10000004
SIGINT: [libjvm.so+0x687660], sa_mask[0]=0x7ffbfeff, sa_flags=0x10000004
SIGTERM: [libjvm.so+0x687660], sa_mask[0]=0x7ffbfeff, sa_flags=0x10000004
SIGQUIT: [libjvm.so+0x687660], sa_mask[0]=0x7ffbfeff, sa_flags=0x10000004


---------------  S Y S T E M  ---------------

OS:jessie/sid

uname:Linux 3.13.0-92-generic #139-Ubuntu SMP Tue Jun 28 20:42:32 UTC 2016 i686
libc:glibc 2.19 NPTL 2.19 
rlimit: STACK 8192k, CORE 0k, NPROC 47605, NOFILE 4096, AS infinity
load average:20.39 6.52 3.25

/proc/meminfo:
MemTotal:        6112808 kB
MemFree:          451028 kB
Buffers:            9380 kB
Cached:           859648 kB
SwapCached:            0 kB
Active:          4676016 kB
Inactive:         856672 kB
Active(anon):    4665572 kB
Inactive(anon):   793400 kB
Active(file):      10444 kB
Inactive(file):    63272 kB
Unevictable:           0 kB
Mlocked:               0 kB
HighTotal:       5289048 kB
HighFree:         204924 kB
LowTotal:         823760 kB
LowFree:          246104 kB
SwapTotal:             0 kB
SwapFree:              0 kB
Dirty:               804 kB
Writeback:             0 kB
AnonPages:       4663828 kB
Mapped:           289360 kB
Shmem:            795212 kB
Slab:              56372 kB
SReclaimable:      27480 kB
SUnreclaim:        28892 kB
KernelStack:        6432 kB
PageTables:        21892 kB
NFS_Unstable:          0 kB
Bounce:              432 kB
WritebackTmp:          0 kB
CommitLimit:     3056404 kB
Committed_AS:   12141244 kB
VmallocTotal:     122880 kB
VmallocUsed:       74924 kB
VmallocChunk:      37856 kB
HardwareCorrupted:     0 kB
AnonHugePages:   2883584 kB
HugePages_Total:       0
HugePages_Free:        0
HugePages_Rsvd:        0
HugePages_Surp:        0
Hugepagesize:       2048 kB
DirectMap4k:       18424 kB
DirectMap2M:      892928 kB


CPU:total 8 (4 cores per cpu, 2 threads per core) family 6 model 42 stepping 7, cmov, cx8, fxsr, mmx, sse, sse2, sse3, ssse3, sse4.1, sse4.2, popcnt, avx, aes, ht, tsc, tscinvbit

/proc/cpuinfo:
processor	: 0
vendor_id	: GenuineIntel
cpu family	: 6
model		: 42
model name	: Intel(R) Core(TM) i7-2670QM CPU @ 2.20GHz
stepping	: 7
microcode	: 0x1b
cpu MHz		: 2201.000
cache size	: 6144 KB
physical id	: 0
siblings	: 8
core id		: 0
cpu cores	: 4
apicid		: 0
initial apicid	: 0
fdiv_bug	: no
f00f_bug	: no
coma_bug	: no
fpu		: yes
fpu_exception	: yes
cpuid level	: 13
wp		: yes
flags		: fpu vme de pse tsc msr pae mce cx8 apic sep mtrr pge mca cmov pat pse36 clflush dts acpi mmx fxsr sse sse2 ss ht tm pbe nx rdtscp lm constant_tsc arch_perfmon pebs bts xtopology nonstop_tsc aperfmperf eagerfpu pni pclmulqdq dtes64 monitor ds_cpl vmx est tm2 ssse3 cx16 xtpr pdcm pcid sse4_1 sse4_2 x2apic popcnt tsc_deadline_timer aes xsave avx lahf_lm ida arat epb xsaveopt pln pts dtherm tpr_shadow vnmi flexpriority ept vpid
bogomips	: 4390.41
clflush size	: 64
cache_alignment	: 64
address sizes	: 36 bits physical, 48 bits virtual
power management:

processor	: 1
vendor_id	: GenuineIntel
cpu family	: 6
model		: 42
model name	: Intel(R) Core(TM) i7-2670QM CPU @ 2.20GHz
stepping	: 7
microcode	: 0x1b
cpu MHz		: 2201.000
cache size	: 6144 KB
physical id	: 0
siblings	: 8
core id		: 1
cpu cores	: 4
apicid		: 2
initial apicid	: 2
fdiv_bug	: no
f00f_bug	: no
coma_bug	: no
fpu		: yes
fpu_exception	: yes
cpuid level	: 13
wp		: yes
flags		: fpu vme de pse tsc msr pae mce cx8 apic sep mtrr pge mca cmov pat pse36 clflush dts acpi mmx fxsr sse sse2 ss ht tm pbe nx rdtscp lm constant_tsc arch_perfmon pebs bts xtopology nonstop_tsc aperfmperf eagerfpu pni pclmulqdq dtes64 monitor ds_cpl vmx est tm2 ssse3 cx16 xtpr pdcm pcid sse4_1 sse4_2 x2apic popcnt tsc_deadline_timer aes xsave avx lahf_lm ida arat epb xsaveopt pln pts dtherm tpr_shadow vnmi flexpriority ept vpid
bogomips	: 4390.41
clflush size	: 64
cache_alignment	: 64
address sizes	: 36 bits physical, 48 bits virtual
power management:

processor	: 2
vendor_id	: GenuineIntel
cpu family	: 6
model		: 42
model name	: Intel(R) Core(TM) i7-2670QM CPU @ 2.20GHz
stepping	: 7
microcode	: 0x1b
cpu MHz		: 2201.000
cache size	: 6144 KB
physical id	: 0
siblings	: 8
core id		: 2
cpu cores	: 4
apicid		: 4
initial apicid	: 4
fdiv_bug	: no
f00f_bug	: no
coma_bug	: no
fpu		: yes
fpu_exception	: yes
cpuid level	: 13
wp		: yes
flags		: fpu vme de pse tsc msr pae mce cx8 apic sep mtrr pge mca cmov pat pse36 clflush dts acpi mmx fxsr sse sse2 ss ht tm pbe nx rdtscp lm constant_tsc arch_perfmon pebs bts xtopology nonstop_tsc aperfmperf eagerfpu pni pclmulqdq dtes64 monitor ds_cpl vmx est tm2 ssse3 cx16 xtpr pdcm pcid sse4_1 sse4_2 x2apic popcnt tsc_deadline_timer aes xsave avx lahf_lm ida arat epb xsaveopt pln pts dtherm tpr_shadow vnmi flexpriority ept vpid
bogomips	: 4390.41
clflush size	: 64
cache_alignment	: 64
address sizes	: 36 bits physical, 48 bits virtual
power management:

processor	: 3
vendor_id	: GenuineIntel
cpu family	: 6
model		: 42
model name	: Intel(R) Core(TM) i7-2670QM CPU @ 2.20GHz
stepping	: 7
microcode	: 0x1b
cpu MHz		: 2201.000
cache size	: 6144 KB
physical id	: 0
siblings	: 8
core id		: 3
cpu cores	: 4
apicid		: 6
initial apicid	: 6
fdiv_bug	: no
f00f_bug	: no
coma_bug	: no
fpu		: yes
fpu_exception	: yes
cpuid level	: 13
wp		: yes
flags		: fpu vme de pse tsc msr pae mce cx8 apic sep mtrr pge mca cmov pat pse36 clflush dts acpi mmx fxsr sse sse2 ss ht tm pbe nx rdtscp lm constant_tsc arch_perfmon pebs bts xtopology nonstop_tsc aperfmperf eagerfpu pni pclmulqdq dtes64 monitor ds_cpl vmx est tm2 ssse3 cx16 xtpr pdcm pcid sse4_1 sse4_2 x2apic popcnt tsc_deadline_timer aes xsave avx lahf_lm ida arat epb xsaveopt pln pts dtherm tpr_shadow vnmi flexpriority ept vpid
bogomips	: 4390.41
clflush size	: 64
cache_alignment	: 64
address sizes	: 36 bits physical, 48 bits virtual
power management:

processor	: 4
vendor_id	: GenuineIntel
cpu family	: 6
model		: 42
model name	: Intel(R) Core(TM) i7-2670QM CPU @ 2.20GHz
stepping	: 7
microcode	: 0x1b
cpu MHz		: 2201.000
cache size	: 6144 KB
physical id	: 0
siblings	: 8
core id		: 0
cpu cores	: 4
apicid		: 1
initial apicid	: 1
fdiv_bug	: no
f00f_bug	: no
coma_bug	: no
fpu		: yes
fpu_exception	: yes
cpuid level	: 13
wp		: yes
flags		: fpu vme de pse tsc msr pae mce cx8 apic sep mtrr pge mca cmov pat pse36 clflush dts acpi mmx fxsr sse sse2 ss ht tm pbe nx rdtscp lm constant_tsc arch_perfmon pebs bts xtopology nonstop_tsc aperfmperf eagerfpu pni pclmulqdq dtes64 monitor ds_cpl vmx est tm2 ssse3 cx16 xtpr pdcm pcid sse4_1 sse4_2 x2apic popcnt tsc_deadline_timer aes xsave avx lahf_lm ida arat epb xsaveopt pln pts dtherm tpr_shadow vnmi flexpriority ept vpid
bogomips	: 4390.41
clflush size	: 64
cache_alignment	: 64
address sizes	: 36 bits physical, 48 bits virtual
power management:

processor	: 5
vendor_id	: GenuineIntel
cpu family	: 6
model		: 42
model name	: Intel(R) Core(TM) i7-2670QM CPU @ 2.20GHz
stepping	: 7
microcode	: 0x1b
cpu MHz		: 2201.000
cache size	: 6144 KB
physical id	: 0
siblings	: 8
core id		: 1
cpu cores	: 4
apicid		: 3
initial apicid	: 3
fdiv_bug	: no
f00f_bug	: no
coma_bug	: no
fpu		: yes
fpu_exception	: yes
cpuid level	: 13
wp		: yes
flags		: fpu vme de pse tsc msr pae mce cx8 apic sep mtrr pge mca cmov pat pse36 clflush dts acpi mmx fxsr sse sse2 ss ht tm pbe nx rdtscp lm constant_tsc arch_perfmon pebs bts xtopology nonstop_tsc aperfmperf eagerfpu pni pclmulqdq dtes64 monitor ds_cpl vmx est tm2 ssse3 cx16 xtpr pdcm pcid sse4_1 sse4_2 x2apic popcnt tsc_deadline_timer aes xsave avx lahf_lm ida arat epb xsaveopt pln pts dtherm tpr_shadow vnmi flexpriority ept vpid
bogomips	: 4390.41
clflush size	: 64
cache_alignment	: 64
address sizes	: 36 bits physical, 48 bits virtual
power management:

processor	: 6
vendor_id	: GenuineIntel
cpu family	: 6
model		: 42
model name	: Intel(R) Core(TM) i7-2670QM CPU @ 2.20GHz
stepping	: 7
microcode	: 0x1b
cpu MHz		: 2201.000
cache size	: 6144 KB
physical id	: 0
siblings	: 8
core id		: 2
cpu cores	: 4
apicid		: 5
initial apicid	: 5
fdiv_bug	: no
f00f_bug	: no
coma_bug	: no
fpu		: yes
fpu_exception	: yes
cpuid level	: 13
wp		: yes
flags		: fpu vme de pse tsc msr pae mce cx8 apic sep mtrr pge mca cmov pat pse36 clflush dts acpi mmx fxsr sse sse2 ss ht tm pbe nx rdtscp lm constant_tsc arch_perfmon pebs bts xtopology nonstop_tsc aperfmperf eagerfpu pni pclmulqdq dtes64 monitor ds_cpl vmx est tm2 ssse3 cx16 xtpr pdcm pcid sse4_1 sse4_2 x2apic popcnt tsc_deadline_timer aes xsave avx lahf_lm ida arat epb xsaveopt pln pts dtherm tpr_shadow vnmi flexpriority ept vpid
bogomips	: 4390.41
clflush size	: 64
cache_alignment	: 64
address sizes	: 36 bits physical, 48 bits virtual
power management:

processor	: 7
vendor_id	: GenuineIntel
cpu family	: 6
model		: 42
model name	: Intel(R) Core(TM) i7-2670QM CPU @ 2.20GHz
stepping	: 7
microcode	: 0x1b
cpu MHz		: 2201.000
cache size	: 6144 KB
physical id	: 0
siblings	: 8
core id		: 3
cpu cores	: 4
apicid		: 7
initial apicid	: 7
fdiv_bug	: no
f00f_bug	: no
coma_bug	: no
fpu		: yes
fpu_exception	: yes
cpuid level	: 13
wp		: yes
flags		: fpu vme de pse tsc msr pae mce cx8 apic sep mtrr pge mca cmov pat pse36 clflush dts acpi mmx fxsr sse sse2 ss ht tm pbe nx rdtscp lm constant_tsc arch_perfmon pebs bts xtopology nonstop_tsc aperfmperf eagerfpu pni pclmulqdq dtes64 monitor ds_cpl vmx est tm2 ssse3 cx16 xtpr pdcm pcid sse4_1 sse4_2 x2apic popcnt tsc_deadline_timer aes xsave avx lahf_lm ida arat epb xsaveopt pln pts dtherm tpr_shadow vnmi flexpriority ept vpid
bogomips	: 4390.41
clflush size	: 64
cache_alignment	: 64
address sizes	: 36 bits physical, 48 bits virtual
power management:



Memory: 4k page, physical 6112808k(450904k free), swap 0k(0k free)

vm_info: Java HotSpot(TM) Server VM (24.80-b11) for linux-x86 JRE (1.7.0_80-b15), built on Apr 10 2015 12:29:10 by "java_re" with gcc 4.3.0 20080428 (Red Hat 4.3.0-8)

time: Wed Aug  3 13:03:02 2016
elapsed time: 43 seconds

